Traceback (most recent call last):
  File "/opt/hostedtoolcache/Python/3.9.24/x64/lib/python3.9/site-packages/jupyter_core/utils/__init__.py", line 154, in wrapped
    asyncio.get_running_loop()
RuntimeError: no running event loop

During handling of the above exception, another exception occurred:

Traceback (most recent call last):
  File "/opt/hostedtoolcache/Python/3.9.24/x64/lib/python3.9/site-packages/jupyter_cache/executors/utils.py", line 58, in single_nb_execution
    executenb(
  File "/opt/hostedtoolcache/Python/3.9.24/x64/lib/python3.9/site-packages/nbclient/client.py", line 1319, in execute
    return NotebookClient(nb=nb, resources=resources, km=km, **kwargs).execute()
  File "/opt/hostedtoolcache/Python/3.9.24/x64/lib/python3.9/site-packages/jupyter_core/utils/__init__.py", line 158, in wrapped
    return loop.run_until_complete(inner)
  File "/opt/hostedtoolcache/Python/3.9.24/x64/lib/python3.9/asyncio/base_events.py", line 647, in run_until_complete
    return future.result()
  File "/opt/hostedtoolcache/Python/3.9.24/x64/lib/python3.9/site-packages/nbclient/client.py", line 709, in async_execute
    await self.async_execute_cell(
  File "/opt/hostedtoolcache/Python/3.9.24/x64/lib/python3.9/site-packages/nbclient/client.py", line 1062, in async_execute_cell
    await self._check_raise_for_error(cell, cell_index, exec_reply)
  File "/opt/hostedtoolcache/Python/3.9.24/x64/lib/python3.9/site-packages/nbclient/client.py", line 918, in _check_raise_for_error
    raise CellExecutionError.from_cell_and_msg(cell, exec_reply_content)
nbclient.exceptions.CellExecutionError: An error occurred while executing the following cell:
------------------
import numpy as np

# Input and target
x = np.array([1, 0, 1])
y = np.array([1])

# ReLU activation
def relu(z):
    return np.maximum(0, z)

# Hidden layer
z1 = (1*0.2) + (0*0.4) + (1*-0.5) + (-0.4)
z2 = (1*-0.3) + (0*0.1) + (1*0.2) + (0.2)

h1, h2 = relu(z1), relu(z2)

# Output layer
z3 = (h1*-0.3) + (h2*-0.2) + (0.1)
y_hat = relu(z3)

# Error
E = 0.5 * (y - y_hat)**2

print(f"z1 = {z1:.2f}, z2 = {z2:.2f}")
print(f"h1 = {h1:.2f}, h2 = {h2:.2f}")
print(f"z3 = {z3:.2f}")
print(f"Predicted Output (ŷ) = {y_hat:.2f}")
print(f"Error (E) = {E[0]:.4f}")
------------------


[0;31m---------------------------------------------------------------------------[0m
[0;31mModuleNotFoundError[0m                       Traceback (most recent call last)
Cell [0;32mIn[1], line 1[0m
[0;32m----> 1[0m [38;5;28;01mimport[39;00m[38;5;250m [39m[38;5;21;01mnumpy[39;00m[38;5;250m [39m[38;5;28;01mas[39;00m[38;5;250m [39m[38;5;21;01mnp[39;00m
[1;32m      3[0m [38;5;66;03m# Input and target[39;00m
[1;32m      4[0m x [38;5;241m=[39m np[38;5;241m.[39marray([[38;5;241m1[39m, [38;5;241m0[39m, [38;5;241m1[39m])

[0;31mModuleNotFoundError[0m: No module named 'numpy'

